<?xml version="1.0" encoding="UTF-8" ?>
<testsuite tests="1" failures="1" name="evaluacion.SimulatorTest" time="0.009" errors="0" skipped="0">
  <properties>
[...]
</properties>
  <testcase classname="evaluacion.SimulatorTest" name="evaluacion.SimulatorTest.testCaseMAXcalls" time="0.009">
    <failure message="Unresolved compilation problem: 
	Test is not an annotation type
" type="java.lang.Error">java.lang.Error: Unresolved compilation problem: 
	Test is not an annotation type

	at evaluacion.SimulatorTest.testCaseMAXcalls(SimulatorTest.java:16)
</failure>
  </testcase>
</testsuite>